  [1m[35m (23.8ms)[0m  [1m[35mCREATE TABLE "schema_migrations" ("version" character varying NOT NULL PRIMARY KEY)[0m
  [1m[35m (10.7ms)[0m  [1m[35mCREATE TABLE "ar_internal_metadata" ("key" character varying NOT NULL PRIMARY KEY, "value" character varying, "created_at" timestamp NOT NULL, "updated_at" timestamp NOT NULL)[0m
  [1m[35m (1.5ms)[0m  [1m[34mSELECT pg_try_advisory_lock(4530265039724346510)[0m
  [1m[35m (1.1ms)[0m  [1m[34mSELECT "schema_migrations"."version" FROM "schema_migrations" ORDER BY "schema_migrations"."version" ASC[0m
Migrating to Ruby (20180109213224)
  [1m[35m (0.5ms)[0m  [1m[35mBEGIN[0m
  [1m[35mSQL (5.7ms)[0m  [1m[32mINSERT INTO "schema_migrations" ("version") VALUES ($1) RETURNING "version"[0m  [["version", "20180109213224"]]
  [1m[35m (1.9ms)[0m  [1m[35mCOMMIT[0m
  [1m[36mActiveRecord::InternalMetadata Load (0.9ms)[0m  [1m[34mSELECT  "ar_internal_metadata".* FROM "ar_internal_metadata" WHERE "ar_internal_metadata"."key" = $1 LIMIT $2[0m  [["key", "environment"], ["LIMIT", 1]]
  [1m[35m (0.6ms)[0m  [1m[35mBEGIN[0m
  [1m[35mSQL (3.8ms)[0m  [1m[32mINSERT INTO "ar_internal_metadata" ("key", "value", "created_at", "updated_at") VALUES ($1, $2, $3, $4) RETURNING "key"[0m  [["key", "environment"], ["value", "development"], ["created_at", "2018-01-09 21:38:53.336051"], ["updated_at", "2018-01-09 21:38:53.336051"]]
  [1m[35m (1.7ms)[0m  [1m[35mCOMMIT[0m
  [1m[35m (0.6ms)[0m  [1m[34mSELECT pg_advisory_unlock(4530265039724346510)[0m
  [1m[35m (0.9ms)[0m  [1m[34mSELECT "schema_migrations"."version" FROM "schema_migrations" ORDER BY "schema_migrations"."version" ASC[0m
  [1m[35m (0.5ms)[0m  [1m[34mSELECT pg_try_advisory_lock(4530265039724346510)[0m
  [1m[35m (1.2ms)[0m  [1m[34mSELECT "schema_migrations"."version" FROM "schema_migrations" ORDER BY "schema_migrations"."version" ASC[0m
Migrating to CreateRubies (20180109214001)
  [1m[35m (0.5ms)[0m  [1m[35mBEGIN[0m
  [1m[35m (20.3ms)[0m  [1m[35mCREATE TABLE "rubies" ("id" bigserial primary key, "name" character varying, "price" integer, "created_at" timestamp NOT NULL, "updated_at" timestamp NOT NULL)[0m
  [1m[35mSQL (2.6ms)[0m  [1m[32mINSERT INTO "schema_migrations" ("version") VALUES ($1) RETURNING "version"[0m  [["version", "20180109214001"]]
  [1m[35m (1.9ms)[0m  [1m[35mCOMMIT[0m
  [1m[36mActiveRecord::InternalMetadata Load (1.3ms)[0m  [1m[34mSELECT  "ar_internal_metadata".* FROM "ar_internal_metadata" WHERE "ar_internal_metadata"."key" = $1 LIMIT $2[0m  [["key", "environment"], ["LIMIT", 1]]
  [1m[35m (0.4ms)[0m  [1m[35mBEGIN[0m
  [1m[35m (0.5ms)[0m  [1m[35mCOMMIT[0m
  [1m[35m (0.6ms)[0m  [1m[34mSELECT pg_advisory_unlock(4530265039724346510)[0m
  [1m[35m (0.7ms)[0m  [1m[34mSELECT "schema_migrations"."version" FROM "schema_migrations" ORDER BY "schema_migrations"."version" ASC[0m
  [1m[36mRuby Load (0.8ms)[0m  [1m[34mSELECT  "rubies".* FROM "rubies" LIMIT $1[0m  [["LIMIT", 11]]
  [1m[35m (0.5ms)[0m  [1m[35mBEGIN[0m
  [1m[35mSQL (1.3ms)[0m  [1m[32mINSERT INTO "rubies" ("name", "price", "created_at", "updated_at") VALUES ($1, $2, $3, $4) RETURNING "id"[0m  [["name", "test"], ["price", 10], ["created_at", "2018-01-09 21:40:57.396591"], ["updated_at", "2018-01-09 21:40:57.396591"]]
  [1m[35m (1.7ms)[0m  [1m[35mCOMMIT[0m
  [1m[36mRuby Load (0.9ms)[0m  [1m[34mSELECT  "rubies".* FROM "rubies" LIMIT $1[0m  [["LIMIT", 11]]
  [1m[36mRuby Load (0.9ms)[0m  [1m[34mSELECT  "rubies".* FROM "rubies" LIMIT $1[0m  [["LIMIT", 11]]
  [1m[36mRuby Load (1.0ms)[0m  [1m[34mSELECT  "rubies".* FROM "rubies" LIMIT $1[0m  [["LIMIT", 11]]
